have_func: checking for rb_enc_interned_str() in ruby.h... -------------------- no

"clang -o conftest -I/Users/mateu/.rbenv/versions/2.7.6/include/ruby-2.7.0/arm64-darwin23 -I/Users/mateu/.rbenv/versions/2.7.6/include/ruby-2.7.0/ruby/backward -I/Users/mateu/.rbenv/versions/2.7.6/include/ruby-2.7.0 -I. -D_XOPEN_SOURCE -D_DARWIN_C_SOURCE -D_DARWIN_UNLIMITED_SELECT -D_REENTRANT   -g -O2 -fno-common -pipe conftest.c  -L. -L/Users/mateu/.rbenv/versions/2.7.6/lib -L. -fstack-protector-strong  -m64   -lruby.2.7   "
checked program was:
/* begin */
1: #include "ruby.h"
2: 
3: int main(int argc, char **argv)
4: {
5:   return !!argv[argc];
6: }
/* end */

"clang -o conftest -I/Users/mateu/.rbenv/versions/2.7.6/include/ruby-2.7.0/arm64-darwin23 -I/Users/mateu/.rbenv/versions/2.7.6/include/ruby-2.7.0/ruby/backward -I/Users/mateu/.rbenv/versions/2.7.6/include/ruby-2.7.0 -I. -D_XOPEN_SOURCE -D_DARWIN_C_SOURCE -D_DARWIN_UNLIMITED_SELECT -D_REENTRANT   -g -O2 -fno-common -pipe conftest.c  -L. -L/Users/mateu/.rbenv/versions/2.7.6/lib -L. -fstack-protector-strong  -m64   -lruby.2.7   "
conftest.c:16:57: error: use of undeclared identifier 'rb_enc_interned_str'
   16 | int t(void) { void ((*volatile p)()); p = (void ((*)()))rb_enc_interned_str; return !p; }
      |                                                         ^
1 error generated.
checked program was:
/* begin */
 1: #include "ruby.h"
 2: 
 3: #include <ruby.h>
 4: 
 5: /*top*/
 6: extern int t(void);
 7: int main(int argc, char **argv)
 8: {
 9:   if (argc > 1000000) {
10:     int (* volatile tp)(void)=(int (*)(void))&t;
11:     printf("%d", (*tp)());
12:   }
13: 
14:   return !!argv[argc];
15: }
16: int t(void) { void ((*volatile p)()); p = (void ((*)()))rb_enc_interned_str; return !p; }
/* end */

"clang -o conftest -I/Users/mateu/.rbenv/versions/2.7.6/include/ruby-2.7.0/arm64-darwin23 -I/Users/mateu/.rbenv/versions/2.7.6/include/ruby-2.7.0/ruby/backward -I/Users/mateu/.rbenv/versions/2.7.6/include/ruby-2.7.0 -I. -D_XOPEN_SOURCE -D_DARWIN_C_SOURCE -D_DARWIN_UNLIMITED_SELECT -D_REENTRANT   -g -O2 -fno-common -pipe conftest.c  -L. -L/Users/mateu/.rbenv/versions/2.7.6/lib -L. -fstack-protector-strong  -m64   -lruby.2.7   "
Undefined symbols for architecture arm64:
  "_rb_enc_interned_str", referenced from:
      _t in conftest-866b22.o
ld: symbol(s) not found for architecture arm64
clang: error: linker command failed with exit code 1 (use -v to see invocation)
checked program was:
/* begin */
 1: #include "ruby.h"
 2: 
 3: #include <ruby.h>
 4: 
 5: /*top*/
 6: extern int t(void);
 7: int main(int argc, char **argv)
 8: {
 9:   if (argc > 1000000) {
10:     int (* volatile tp)(void)=(int (*)(void))&t;
11:     printf("%d", (*tp)());
12:   }
13: 
14:   return !!argv[argc];
15: }
16: extern void rb_enc_interned_str();
17: int t(void) { rb_enc_interned_str(); return 0; }
/* end */

--------------------

have_func: checking for rb_hash_new_capa() in ruby.h... -------------------- no

"clang -o conftest -I/Users/mateu/.rbenv/versions/2.7.6/include/ruby-2.7.0/arm64-darwin23 -I/Users/mateu/.rbenv/versions/2.7.6/include/ruby-2.7.0/ruby/backward -I/Users/mateu/.rbenv/versions/2.7.6/include/ruby-2.7.0 -I. -D_XOPEN_SOURCE -D_DARWIN_C_SOURCE -D_DARWIN_UNLIMITED_SELECT -D_REENTRANT   -g -O2 -fno-common -pipe conftest.c  -L. -L/Users/mateu/.rbenv/versions/2.7.6/lib -L. -fstack-protector-strong  -m64   -lruby.2.7   "
conftest.c:16:57: error: use of undeclared identifier 'rb_hash_new_capa'
   16 | int t(void) { void ((*volatile p)()); p = (void ((*)()))rb_hash_new_capa; return !p; }
      |                                                         ^
1 error generated.
checked program was:
/* begin */
 1: #include "ruby.h"
 2: 
 3: #include <ruby.h>
 4: 
 5: /*top*/
 6: extern int t(void);
 7: int main(int argc, char **argv)
 8: {
 9:   if (argc > 1000000) {
10:     int (* volatile tp)(void)=(int (*)(void))&t;
11:     printf("%d", (*tp)());
12:   }
13: 
14:   return !!argv[argc];
15: }
16: int t(void) { void ((*volatile p)()); p = (void ((*)()))rb_hash_new_capa; return !p; }
/* end */

"clang -o conftest -I/Users/mateu/.rbenv/versions/2.7.6/include/ruby-2.7.0/arm64-darwin23 -I/Users/mateu/.rbenv/versions/2.7.6/include/ruby-2.7.0/ruby/backward -I/Users/mateu/.rbenv/versions/2.7.6/include/ruby-2.7.0 -I. -D_XOPEN_SOURCE -D_DARWIN_C_SOURCE -D_DARWIN_UNLIMITED_SELECT -D_REENTRANT   -g -O2 -fno-common -pipe conftest.c  -L. -L/Users/mateu/.rbenv/versions/2.7.6/lib -L. -fstack-protector-strong  -m64   -lruby.2.7   "
Undefined symbols for architecture arm64:
  "_rb_hash_new_capa", referenced from:
      _t in conftest-d7b775.o
ld: symbol(s) not found for architecture arm64
clang: error: linker command failed with exit code 1 (use -v to see invocation)
checked program was:
/* begin */
 1: #include "ruby.h"
 2: 
 3: #include <ruby.h>
 4: 
 5: /*top*/
 6: extern int t(void);
 7: int main(int argc, char **argv)
 8: {
 9:   if (argc > 1000000) {
10:     int (* volatile tp)(void)=(int (*)(void))&t;
11:     printf("%d", (*tp)());
12:   }
13: 
14:   return !!argv[argc];
15: }
16: extern void rb_hash_new_capa();
17: int t(void) { rb_hash_new_capa(); return 0; }
/* end */

--------------------

have_func: checking for rb_hash_bulk_insert() in ruby.h... -------------------- yes

"clang -o conftest -I/Users/mateu/.rbenv/versions/2.7.6/include/ruby-2.7.0/arm64-darwin23 -I/Users/mateu/.rbenv/versions/2.7.6/include/ruby-2.7.0/ruby/backward -I/Users/mateu/.rbenv/versions/2.7.6/include/ruby-2.7.0 -I. -D_XOPEN_SOURCE -D_DARWIN_C_SOURCE -D_DARWIN_UNLIMITED_SELECT -D_REENTRANT   -g -O2 -fno-common -pipe conftest.c  -L. -L/Users/mateu/.rbenv/versions/2.7.6/lib -L. -fstack-protector-strong  -m64   -lruby.2.7   "
checked program was:
/* begin */
 1: #include "ruby.h"
 2: 
 3: #include <ruby.h>
 4: 
 5: /*top*/
 6: extern int t(void);
 7: int main(int argc, char **argv)
 8: {
 9:   if (argc > 1000000) {
10:     int (* volatile tp)(void)=(int (*)(void))&t;
11:     printf("%d", (*tp)());
12:   }
13: 
14:   return !!argv[argc];
15: }
16: int t(void) { void ((*volatile p)()); p = (void ((*)()))rb_hash_bulk_insert; return !p; }
/* end */

--------------------

have_func: checking for rb_category_warn() in ruby.h... -------------------- no

"clang -o conftest -I/Users/mateu/.rbenv/versions/2.7.6/include/ruby-2.7.0/arm64-darwin23 -I/Users/mateu/.rbenv/versions/2.7.6/include/ruby-2.7.0/ruby/backward -I/Users/mateu/.rbenv/versions/2.7.6/include/ruby-2.7.0 -I. -D_XOPEN_SOURCE -D_DARWIN_C_SOURCE -D_DARWIN_UNLIMITED_SELECT -D_REENTRANT   -g -O2 -fno-common -pipe conftest.c  -L. -L/Users/mateu/.rbenv/versions/2.7.6/lib -L. -fstack-protector-strong  -m64   -lruby.2.7   "
conftest.c:16:57: error: use of undeclared identifier 'rb_category_warn'
   16 | int t(void) { void ((*volatile p)()); p = (void ((*)()))rb_category_warn; return !p; }
      |                                                         ^
1 error generated.
checked program was:
/* begin */
 1: #include "ruby.h"
 2: 
 3: #include <ruby.h>
 4: 
 5: /*top*/
 6: extern int t(void);
 7: int main(int argc, char **argv)
 8: {
 9:   if (argc > 1000000) {
10:     int (* volatile tp)(void)=(int (*)(void))&t;
11:     printf("%d", (*tp)());
12:   }
13: 
14:   return !!argv[argc];
15: }
16: int t(void) { void ((*volatile p)()); p = (void ((*)()))rb_category_warn; return !p; }
/* end */

"clang -o conftest -I/Users/mateu/.rbenv/versions/2.7.6/include/ruby-2.7.0/arm64-darwin23 -I/Users/mateu/.rbenv/versions/2.7.6/include/ruby-2.7.0/ruby/backward -I/Users/mateu/.rbenv/versions/2.7.6/include/ruby-2.7.0 -I. -D_XOPEN_SOURCE -D_DARWIN_C_SOURCE -D_DARWIN_UNLIMITED_SELECT -D_REENTRANT   -g -O2 -fno-common -pipe conftest.c  -L. -L/Users/mateu/.rbenv/versions/2.7.6/lib -L. -fstack-protector-strong  -m64   -lruby.2.7   "
Undefined symbols for architecture arm64:
  "_rb_category_warn", referenced from:
      _t in conftest-d0815d.o
ld: symbol(s) not found for architecture arm64
clang: error: linker command failed with exit code 1 (use -v to see invocation)
checked program was:
/* begin */
 1: #include "ruby.h"
 2: 
 3: #include <ruby.h>
 4: 
 5: /*top*/
 6: extern int t(void);
 7: int main(int argc, char **argv)
 8: {
 9:   if (argc > 1000000) {
10:     int (* volatile tp)(void)=(int (*)(void))&t;
11:     printf("%d", (*tp)());
12:   }
13: 
14:   return !!argv[argc];
15: }
16: extern void rb_category_warn();
17: int t(void) { rb_category_warn(); return 0; }
/* end */

--------------------

have_func: checking for strnlen() in string.h... -------------------- yes

"clang -o conftest -I/Users/mateu/.rbenv/versions/2.7.6/include/ruby-2.7.0/arm64-darwin23 -I/Users/mateu/.rbenv/versions/2.7.6/include/ruby-2.7.0/ruby/backward -I/Users/mateu/.rbenv/versions/2.7.6/include/ruby-2.7.0 -I. -D_XOPEN_SOURCE -D_DARWIN_C_SOURCE -D_DARWIN_UNLIMITED_SELECT -D_REENTRANT   -g -O2 -fno-common -pipe conftest.c  -L. -L/Users/mateu/.rbenv/versions/2.7.6/lib -L. -fstack-protector-strong  -m64   -lruby.2.7   "
checked program was:
/* begin */
 1: #include "ruby.h"
 2: 
 3: #include <string.h>
 4: 
 5: /*top*/
 6: extern int t(void);
 7: int main(int argc, char **argv)
 8: {
 9:   if (argc > 1000000) {
10:     int (* volatile tp)(void)=(int (*)(void))&t;
11:     printf("%d", (*tp)());
12:   }
13: 
14:   return !!argv[argc];
15: }
16: int t(void) { void ((*volatile p)()); p = (void ((*)()))strnlen; return !p; }
/* end */

--------------------

block in append_cflags: checking for whether -std=c99 is accepted as CFLAGS... -------------------- yes

"clang -I/Users/mateu/.rbenv/versions/2.7.6/include/ruby-2.7.0/arm64-darwin23 -I/Users/mateu/.rbenv/versions/2.7.6/include/ruby-2.7.0/ruby/backward -I/Users/mateu/.rbenv/versions/2.7.6/include/ruby-2.7.0 -I. -D_XOPEN_SOURCE -D_DARWIN_C_SOURCE -D_DARWIN_UNLIMITED_SELECT -D_REENTRANT   -g -O2 -fno-common -pipe -m64 -std=c99 -Werror -c conftest.c"
checked program was:
/* begin */
1: #include "ruby.h"
2: 
3: int main(int argc, char **argv)
4: {
5:   return !!argv[argc];
6: }
/* end */

--------------------

